0 info it worked if it ends with ok
1 verbose cli [ '/Users/nika0641/.nvm/versions/node/v6.6.0/bin/node',
1 verbose cli   '/Users/nika0641/.nvm/versions/node/v6.6.0/bin/npm',
1 verbose cli   'i',
1 verbose cli   'nika0641/Super-Igromir-RUN' ]
2 info using npm@3.10.3
3 info using node@v6.6.0
4 silly loadCurrentTree Starting
5 silly install loadCurrentTree
6 silly install readLocalPackageData
7 silly fetchPackageMetaData nika0641/Super-Igromir-RUN
8 silly fetchOtherPackageData nika0641/Super-Igromir-RUN
9 silly cache add args [ 'nika0641/Super-Igromir-RUN', null ]
10 verbose cache add spec nika0641/Super-Igromir-RUN
11 silly cache add parsed spec Result {
11 silly cache add   raw: 'nika0641/Super-Igromir-RUN',
11 silly cache add   scope: null,
11 silly cache add   escapedName: null,
11 silly cache add   name: null,
11 silly cache add   rawSpec: 'nika0641/Super-Igromir-RUN',
11 silly cache add   spec: 'github:nika0641/Super-Igromir-RUN',
11 silly cache add   type: 'hosted',
11 silly cache add   hosted:
11 silly cache add    { type: 'github',
11 silly cache add      ssh: 'git@github.com:nika0641/Super-Igromir-RUN.git',
11 silly cache add      sshUrl: 'git+ssh://git@github.com/nika0641/Super-Igromir-RUN.git',
11 silly cache add      httpsUrl: 'git+https://github.com/nika0641/Super-Igromir-RUN.git',
11 silly cache add      gitUrl: 'git://github.com/nika0641/Super-Igromir-RUN.git',
11 silly cache add      shortcut: 'github:nika0641/Super-Igromir-RUN',
11 silly cache add      directUrl: 'https://raw.githubusercontent.com/nika0641/Super-Igromir-RUN/master/package.json' } }
12 verbose addRemoteGit caching nika0641/Super-Igromir-RUN
13 verbose addRemoteGit nika0641/Super-Igromir-RUN is a repository hosted by github
14 silly tryGitProto attempting to clone git://github.com/nika0641/Super-Igromir-RUN.git
15 silly tryClone cloning nika0641/Super-Igromir-RUN via git://github.com/nika0641/Super-Igromir-RUN.git
16 verbose tryClone git-github-com-nika0641-Super-Igromir-RUN-git-2ab7bd9c not in flight; caching
17 verbose correctMkdir /Users/nika0641/.npm/_git-remotes correctMkdir not in flight; initializing
18 info git [ 'clone',
18 info git   '--template=/Users/nika0641/.npm/_git-remotes/_templates',
18 info git   '--mirror',
18 info git   'git://github.com/nika0641/Super-Igromir-RUN.git',
18 info git   '/Users/nika0641/.npm/_git-remotes/git-github-com-nika0641-Super-Igromir-RUN-git-2ab7bd9c' ]
19 verbose mirrorRemote nika0641/Super-Igromir-RUN git clone git://github.com/nika0641/Super-Igromir-RUN.git
20 verbose correctMkdir /Users/nika0641/.npm/_git-remotes correctMkdir not in flight; initializing
21 verbose setPermissions nika0641/Super-Igromir-RUN set permissions on /Users/nika0641/.npm/_git-remotes/git-github-com-nika0641-Super-Igromir-RUN-git-2ab7bd9c
22 verbose resolveHead nika0641/Super-Igromir-RUN original treeish: master
23 info git [ 'rev-list', '-n1', 'master' ]
24 silly resolveHead nika0641/Super-Igromir-RUN resolved treeish: 5c0a90a508c838a34a126b8872c60c87cbda93ce
25 verbose resolveHead nika0641/Super-Igromir-RUN resolved Git URL: git://github.com/nika0641/Super-Igromir-RUN.git#5c0a90a508c838a34a126b8872c60c87cbda93ce
26 silly resolveHead Git working directory: /var/folders/gq/21ydy78j3z9cs7157mrt8p_m0000gp/T/npm-22838-8f331a4e/git-cache-1e16b3cc/5c0a90a508c838a34a126b8872c60c87cbda93ce
27 info git [ 'clone',
27 info git   '/Users/nika0641/.npm/_git-remotes/git-github-com-nika0641-Super-Igromir-RUN-git-2ab7bd9c',
27 info git   '/var/folders/gq/21ydy78j3z9cs7157mrt8p_m0000gp/T/npm-22838-8f331a4e/git-cache-1e16b3cc/5c0a90a508c838a34a126b8872c60c87cbda93ce' ]
28 verbose cloneResolved nika0641/Super-Igromir-RUN clone Cloning into '/var/folders/gq/21ydy78j3z9cs7157mrt8p_m0000gp/T/npm-22838-8f331a4e/git-cache-1e16b3cc/5c0a90a508c838a34a126b8872c60c87cbda93ce'...
28 verbose cloneResolved done.
29 info git [ 'checkout', '5c0a90a508c838a34a126b8872c60c87cbda93ce' ]
30 verbose checkoutTreeish nika0641/Super-Igromir-RUN checkout Note: checking out '5c0a90a508c838a34a126b8872c60c87cbda93ce'.
30 verbose checkoutTreeish
30 verbose checkoutTreeish You are in 'detached HEAD' state. You can look around, make experimental
30 verbose checkoutTreeish changes and commit them, and you can discard any commits you make in this
30 verbose checkoutTreeish state without impacting any branches by performing another checkout.
30 verbose checkoutTreeish
30 verbose checkoutTreeish If you want to create a new branch to retain commits you create, you may
30 verbose checkoutTreeish do so (now or later) by using -b with the checkout command again. Example:
30 verbose checkoutTreeish
30 verbose checkoutTreeish   git checkout -b <new-branch-name>
30 verbose checkoutTreeish
30 verbose checkoutTreeish HEAD is now at 5c0a90a... add package.json
31 info git [ 'submodule', '-q', 'update', '--init', '--recursive' ]
32 verbose updateSubmodules nika0641/Super-Igromir-RUN submodule update
33 verbose addLocalDirectory /Users/nika0641/.npm/super-igromir-run/1.0.0/package.tgz not in flight; packing
34 verbose correctMkdir /Users/nika0641/.npm correctMkdir not in flight; initializing
35 verbose tar pack [ '/Users/nika0641/.npm/super-igromir-run/1.0.0/package.tgz',
35 verbose tar pack   '/var/folders/gq/21ydy78j3z9cs7157mrt8p_m0000gp/T/npm-22838-8f331a4e/git-cache-1e16b3cc/5c0a90a508c838a34a126b8872c60c87cbda93ce' ]
36 verbose tarball /Users/nika0641/.npm/super-igromir-run/1.0.0/package.tgz
37 verbose folder /var/folders/gq/21ydy78j3z9cs7157mrt8p_m0000gp/T/npm-22838-8f331a4e/git-cache-1e16b3cc/5c0a90a508c838a34a126b8872c60c87cbda93ce
38 verbose addLocalTarball adding from inside cache /Users/nika0641/.npm/super-igromir-run/1.0.0/package.tgz
39 verbose correctMkdir /Users/nika0641/.npm correctMkdir not in flight; initializing
40 verbose addRemoteGit data._from: nika0641/Super-Igromir-RUN
41 verbose addRemoteGit data._resolved: git://github.com/nika0641/Super-Igromir-RUN.git#5c0a90a508c838a34a126b8872c60c87cbda93ce
42 silly cache afterAdd super-igromir-run@1.0.0
43 verbose afterAdd /Users/nika0641/.npm/super-igromir-run/1.0.0/package/package.json not in flight; writing
44 verbose correctMkdir /Users/nika0641/.npm correctMkdir not in flight; initializing
45 verbose afterAdd /Users/nika0641/.npm/super-igromir-run/1.0.0/package/package.json written
46 silly install normalizeTree
47 silly loadCurrentTree Finishing
48 silly loadIdealTree Starting
49 silly install loadIdealTree
50 silly cloneCurrentTree Starting
51 silly install cloneCurrentTreeToIdealTree
52 silly cloneCurrentTree Finishing
53 silly loadShrinkwrap Starting
54 silly install loadShrinkwrap
55 silly loadShrinkwrap Finishing
56 silly loadAllDepsIntoIdealTree Starting
57 silly install loadAllDepsIntoIdealTree
58 silly rollbackFailedOptional Starting
59 silly rollbackFailedOptional Finishing
60 silly runTopLevelLifecycles Starting
61 silly runTopLevelLifecycles Finishing
62 silly install printInstalled
63 verbose stack Error: Refusing to install super-igromir-run as a dependency of itself
63 verbose stack     at checkSelf (/Users/nika0641/.nvm/versions/node/v6.6.0/lib/node_modules/npm/lib/install/validate-args.js:53:14)
63 verbose stack     at Array.<anonymous> (/Users/nika0641/.nvm/versions/node/v6.6.0/lib/node_modules/npm/node_modules/slide/lib/bind-actor.js:15:8)
63 verbose stack     at LOOP (/Users/nika0641/.nvm/versions/node/v6.6.0/lib/node_modules/npm/node_modules/slide/lib/chain.js:15:14)
63 verbose stack     at chain (/Users/nika0641/.nvm/versions/node/v6.6.0/lib/node_modules/npm/node_modules/slide/lib/chain.js:20:5)
63 verbose stack     at /Users/nika0641/.nvm/versions/node/v6.6.0/lib/node_modules/npm/lib/install/validate-args.js:16:5
63 verbose stack     at /Users/nika0641/.nvm/versions/node/v6.6.0/lib/node_modules/npm/node_modules/slide/lib/async-map.js:52:35
63 verbose stack     at Array.forEach (native)
63 verbose stack     at /Users/nika0641/.nvm/versions/node/v6.6.0/lib/node_modules/npm/node_modules/slide/lib/async-map.js:52:11
63 verbose stack     at Array.forEach (native)
63 verbose stack     at asyncMap (/Users/nika0641/.nvm/versions/node/v6.6.0/lib/node_modules/npm/node_modules/slide/lib/async-map.js:51:8)
64 verbose cwd /Users/nika0641/Projects/Super-Igromir-RUN
65 error Darwin 15.5.0
66 error argv "/Users/nika0641/.nvm/versions/node/v6.6.0/bin/node" "/Users/nika0641/.nvm/versions/node/v6.6.0/bin/npm" "i" "nika0641/Super-Igromir-RUN"
67 error node v6.6.0
68 error npm  v3.10.3
69 error code ENOSELF
70 error Refusing to install super-igromir-run as a dependency of itself
71 error If you need help, you may report this error at:
71 error     <https://github.com/npm/npm/issues>
72 verbose exit [ 1, true ]
